<?xml version="1.0" encoding="UTF-8"?>
<!-- Generated by org.testng.reporters.JUnitReportReporter -->
<testsuite skipped="0" hostname="LAPTOP-CAVU416K" name="test.day4" tests="3" failures="0" timestamp="2020-05-08T16:32:45 BDT" time="0.006" errors="0">
  <testcase name="WebloginHomeLoan" time="0.001" classname="test.day4"/>
  <system-out/>
  <testcase name="MobileLoginHomeLoan" time="0.001" classname="test.day4"/>
  <system-out/>
  <testcase name="APIHomeLoan" time="0.004" classname="test.day4"/>
  <system-out/>
</testsuite> <!-- test.day4 -->
