<?xml version="1.0" encoding="UTF-8"?>
<!-- Generated by org.testng.reporters.JUnitReportReporter -->
<testsuite skipped="0" hostname="LAPTOP-CAVU416K" name="test.day2" tests="1" failures="0" timestamp="2020-05-08T16:32:45 BDT" time="0.002" errors="0">
  <testcase name="ploan" time="0.002" classname="test.day2"/>
  <system-out/>
</testsuite> <!-- test.day2 -->
