<?xml version="1.0" encoding="UTF-8"?>
<!-- Generated by org.testng.reporters.JUnitReportReporter -->
<testsuite skipped="0" hostname="LAPTOP-CAVU416K" name="test.day3" tests="6" failures="0" timestamp="2020-05-08T16:32:45 BDT" time="0.013" errors="0">
  <testcase name="MobilesignoutcarLoan" time="0.002" classname="test.day3"/>
  <system-out/>
  <testcase name="MobilesignincarLoan" time="0.002" classname="test.day3"/>
  <system-out/>
  <testcase name="MobileLogincarLoan" time="0.005" classname="test.day3"/>
  <system-out/>
  <testcase name="MobilesignoutcarLoan" time="0.001" classname="test.day3"/>
  <system-out/>
  <testcase name="MobilesignoutcarLoan" time="0.002" classname="test.day3"/>
  <system-out/>
  <testcase name="WebloginCarLoan" time="0.001" classname="test.day3"/>
  <system-out/>
</testsuite> <!-- test.day3 -->
